d:\users\danie\documents\uni\year 2\g52cpp - c++\git coursework\comp2006_g52cpp_courseworks\part3\cppcoursework2020-v100\cppcoursework2020-v100\debug\courseworkbase2020.bsc
d:\users\danie\documents\uni\year 2\g52cpp - c++\git coursework\comp2006_g52cpp_courseworks\part3\cppcoursework2020-v100\cppcoursework2020-v100\debug\vc141.pdb
d:\users\danie\documents\uni\year 2\g52cpp - c++\git coursework\comp2006_g52cpp_courseworks\part3\cppcoursework2020-v100\cppcoursework2020-v100\debug\draggingdemo.sbr
d:\users\danie\documents\uni\year 2\g52cpp - c++\git coursework\comp2006_g52cpp_courseworks\part3\cppcoursework2020-v100\cppcoursework2020-v100\debug\drawingsurface.sbr
d:\users\danie\documents\uni\year 2\g52cpp - c++\git coursework\comp2006_g52cpp_courseworks\part3\cppcoursework2020-v100\cppcoursework2020-v100\debug\flashingdemo.sbr
d:\users\danie\documents\uni\year 2\g52cpp - c++\git coursework\comp2006_g52cpp_courseworks\part3\cppcoursework2020-v100\cppcoursework2020-v100\debug\imageobjectdemo.sbr
d:\users\danie\documents\uni\year 2\g52cpp - c++\git coursework\comp2006_g52cpp_courseworks\part3\cppcoursework2020-v100\cppcoursework2020-v100\debug\jigsawdemo.sbr
d:\users\danie\documents\uni\year 2\g52cpp - c++\git coursework\comp2006_g52cpp_courseworks\part3\cppcoursework2020-v100\cppcoursework2020-v100\debug\mainfunction.sbr
d:\users\danie\documents\uni\year 2\g52cpp - c++\git coursework\comp2006_g52cpp_courseworks\part3\cppcoursework2020-v100\cppcoursework2020-v100\debug\baseengine.sbr
d:\users\danie\documents\uni\year 2\g52cpp - c++\git coursework\comp2006_g52cpp_courseworks\part3\cppcoursework2020-v100\cppcoursework2020-v100\debug\displayableobject.sbr
d:\users\danie\documents\uni\year 2\g52cpp - c++\git coursework\comp2006_g52cpp_courseworks\part3\cppcoursework2020-v100\cppcoursework2020-v100\debug\fontmanager.sbr
d:\users\danie\documents\uni\year 2\g52cpp - c++\git coursework\comp2006_g52cpp_courseworks\part3\cppcoursework2020-v100\cppcoursework2020-v100\debug\imagemappingdemo.sbr
d:\users\danie\documents\uni\year 2\g52cpp - c++\git coursework\comp2006_g52cpp_courseworks\part3\cppcoursework2020-v100\cppcoursework2020-v100\debug\simpleimage.sbr
d:\users\danie\documents\uni\year 2\g52cpp - c++\git coursework\comp2006_g52cpp_courseworks\part3\cppcoursework2020-v100\cppcoursework2020-v100\debug\jasonsdemoa.sbr
d:\users\danie\documents\uni\year 2\g52cpp - c++\git coursework\comp2006_g52cpp_courseworks\part3\cppcoursework2020-v100\cppcoursework2020-v100\debug\jasonsobjecta.sbr
d:\users\danie\documents\uni\year 2\g52cpp - c++\git coursework\comp2006_g52cpp_courseworks\part3\cppcoursework2020-v100\cppcoursework2020-v100\debug\jasonstilemanager.sbr
d:\users\danie\documents\uni\year 2\g52cpp - c++\git coursework\comp2006_g52cpp_courseworks\part3\cppcoursework2020-v100\cppcoursework2020-v100\debug\playingcardsdemo.sbr
d:\users\danie\documents\uni\year 2\g52cpp - c++\git coursework\comp2006_g52cpp_courseworks\part3\cppcoursework2020-v100\cppcoursework2020-v100\debug\rawimage.sbr
d:\users\danie\documents\uni\year 2\g52cpp - c++\git coursework\comp2006_g52cpp_courseworks\part3\cppcoursework2020-v100\cppcoursework2020-v100\debug\simpledemo.sbr
d:\users\danie\documents\uni\year 2\g52cpp - c++\git coursework\comp2006_g52cpp_courseworks\part3\cppcoursework2020-v100\cppcoursework2020-v100\debug\starfielddemo.sbr
d:\users\danie\documents\uni\year 2\g52cpp - c++\git coursework\comp2006_g52cpp_courseworks\part3\cppcoursework2020-v100\cppcoursework2020-v100\debug\tilemanager.sbr
d:\users\danie\documents\uni\year 2\g52cpp - c++\git coursework\comp2006_g52cpp_courseworks\part3\cppcoursework2020-v100\cppcoursework2020-v100\debug\bouncingball.sbr
d:\users\danie\documents\uni\year 2\g52cpp - c++\git coursework\comp2006_g52cpp_courseworks\part3\cppcoursework2020-v100\cppcoursework2020-v100\debug\bouncingball.obj
d:\users\danie\documents\uni\year 2\g52cpp - c++\git coursework\comp2006_g52cpp_courseworks\part3\cppcoursework2020-v100\cppcoursework2020-v100\debug\tilemanager.obj
d:\users\danie\documents\uni\year 2\g52cpp - c++\git coursework\comp2006_g52cpp_courseworks\part3\cppcoursework2020-v100\cppcoursework2020-v100\debug\starfielddemo.obj
d:\users\danie\documents\uni\year 2\g52cpp - c++\git coursework\comp2006_g52cpp_courseworks\part3\cppcoursework2020-v100\cppcoursework2020-v100\debug\simpledemo.obj
d:\users\danie\documents\uni\year 2\g52cpp - c++\git coursework\comp2006_g52cpp_courseworks\part3\cppcoursework2020-v100\cppcoursework2020-v100\debug\rawimage.obj
d:\users\danie\documents\uni\year 2\g52cpp - c++\git coursework\comp2006_g52cpp_courseworks\part3\cppcoursework2020-v100\cppcoursework2020-v100\debug\playingcardsdemo.obj
d:\users\danie\documents\uni\year 2\g52cpp - c++\git coursework\comp2006_g52cpp_courseworks\part3\cppcoursework2020-v100\cppcoursework2020-v100\debug\jasonstilemanager.obj
d:\users\danie\documents\uni\year 2\g52cpp - c++\git coursework\comp2006_g52cpp_courseworks\part3\cppcoursework2020-v100\cppcoursework2020-v100\debug\jasonsobjecta.obj
d:\users\danie\documents\uni\year 2\g52cpp - c++\git coursework\comp2006_g52cpp_courseworks\part3\cppcoursework2020-v100\cppcoursework2020-v100\debug\jasonsdemoa.obj
d:\users\danie\documents\uni\year 2\g52cpp - c++\git coursework\comp2006_g52cpp_courseworks\part3\cppcoursework2020-v100\cppcoursework2020-v100\debug\simpleimage.obj
d:\users\danie\documents\uni\year 2\g52cpp - c++\git coursework\comp2006_g52cpp_courseworks\part3\cppcoursework2020-v100\cppcoursework2020-v100\debug\imagemappingdemo.obj
d:\users\danie\documents\uni\year 2\g52cpp - c++\git coursework\comp2006_g52cpp_courseworks\part3\cppcoursework2020-v100\cppcoursework2020-v100\debug\fontmanager.obj
d:\users\danie\documents\uni\year 2\g52cpp - c++\git coursework\comp2006_g52cpp_courseworks\part3\cppcoursework2020-v100\cppcoursework2020-v100\debug\displayableobject.obj
d:\users\danie\documents\uni\year 2\g52cpp - c++\git coursework\comp2006_g52cpp_courseworks\part3\cppcoursework2020-v100\cppcoursework2020-v100\debug\baseengine.obj
d:\users\danie\documents\uni\year 2\g52cpp - c++\git coursework\comp2006_g52cpp_courseworks\part3\cppcoursework2020-v100\cppcoursework2020-v100\debug\mainfunction.obj
d:\users\danie\documents\uni\year 2\g52cpp - c++\git coursework\comp2006_g52cpp_courseworks\part3\cppcoursework2020-v100\cppcoursework2020-v100\debug\jigsawdemo.obj
d:\users\danie\documents\uni\year 2\g52cpp - c++\git coursework\comp2006_g52cpp_courseworks\part3\cppcoursework2020-v100\cppcoursework2020-v100\debug\imageobjectdemo.obj
d:\users\danie\documents\uni\year 2\g52cpp - c++\git coursework\comp2006_g52cpp_courseworks\part3\cppcoursework2020-v100\cppcoursework2020-v100\debug\flashingdemo.obj
d:\users\danie\documents\uni\year 2\g52cpp - c++\git coursework\comp2006_g52cpp_courseworks\part3\cppcoursework2020-v100\cppcoursework2020-v100\debug\drawingsurface.obj
d:\users\danie\documents\uni\year 2\g52cpp - c++\git coursework\comp2006_g52cpp_courseworks\part3\cppcoursework2020-v100\cppcoursework2020-v100\debug\draggingdemo.obj
d:\users\danie\documents\uni\year 2\g52cpp - c++\git coursework\comp2006_g52cpp_courseworks\part3\cppcoursework2020-v100\cppcoursework2020-v100\debug\bouncingballmain.sbr
d:\users\danie\documents\uni\year 2\g52cpp - c++\git coursework\comp2006_g52cpp_courseworks\part3\cppcoursework2020-v100\cppcoursework2020-v100\debug\zoomingdemo.sbr
d:\users\danie\documents\uni\year 2\g52cpp - c++\git coursework\comp2006_g52cpp_courseworks\part3\cppcoursework2020-v100\cppcoursework2020-v100\debug\zoomingdemo.obj
d:\users\danie\documents\uni\year 2\g52cpp - c++\git coursework\comp2006_g52cpp_courseworks\part3\cppcoursework2020-v100\cppcoursework2020-v100\debug\bouncingballmain.obj
d:\users\danie\documents\uni\year 2\g52cpp - c++\git coursework\comp2006_g52cpp_courseworks\part3\cppcoursework2020-v100\cppcoursework2020-v100\debug\mazedemomain.sbr
d:\users\danie\documents\uni\year 2\g52cpp - c++\git coursework\comp2006_g52cpp_courseworks\part3\cppcoursework2020-v100\cppcoursework2020-v100\debug\mazedemoobject.sbr
d:\users\danie\documents\uni\year 2\g52cpp - c++\git coursework\comp2006_g52cpp_courseworks\part3\cppcoursework2020-v100\cppcoursework2020-v100\debug\mazedemotilemanager.sbr
d:\users\danie\documents\uni\year 2\g52cpp - c++\git coursework\comp2006_g52cpp_courseworks\part3\cppcoursework2020-v100\cppcoursework2020-v100\debug\mazedemotilemanager.obj
d:\users\danie\documents\uni\year 2\g52cpp - c++\git coursework\comp2006_g52cpp_courseworks\part3\cppcoursework2020-v100\cppcoursework2020-v100\debug\mazedemoobject.obj
d:\users\danie\documents\uni\year 2\g52cpp - c++\git coursework\comp2006_g52cpp_courseworks\part3\cppcoursework2020-v100\cppcoursework2020-v100\debug\mazedemomain.obj
d:\users\danie\documents\uni\year 2\g52cpp - c++\git coursework\comp2006_g52cpp_courseworks\part3\cppcoursework2020-v100\cppcoursework2020-v100\debug\mydemoa.sbr
d:\users\danie\documents\uni\year 2\g52cpp - c++\git coursework\comp2006_g52cpp_courseworks\part3\cppcoursework2020-v100\cppcoursework2020-v100\debug\mydemoa.obj
d:\users\danie\documents\uni\year 2\g52cpp - c++\git coursework\comp2006_g52cpp_courseworks\part3\cppcoursework2020-v100\cppcoursework2020-v100\debug\mytilemanager.sbr
d:\users\danie\documents\uni\year 2\g52cpp - c++\git coursework\comp2006_g52cpp_courseworks\part3\cppcoursework2020-v100\cppcoursework2020-v100\debug\mytilemanager.obj
d:\users\danie\documents\uni\year 2\g52cpp - c++\git coursework\comp2006_g52cpp_courseworks\part3\cppcoursework2020-v100\cppcoursework2020-v100\debug\myobjecta.sbr
d:\users\danie\documents\uni\year 2\g52cpp - c++\git coursework\comp2006_g52cpp_courseworks\part3\cppcoursework2020-v100\cppcoursework2020-v100\debug\myobjecta.obj
d:\users\danie\documents\uni\year 2\g52cpp - c++\git coursework\comp2006_g52cpp_courseworks\part3\cppcoursework2020-v100\cppcoursework2020-v100\debug\cw3_tilemanager.sbr
d:\users\danie\documents\uni\year 2\g52cpp - c++\git coursework\comp2006_g52cpp_courseworks\part3\cppcoursework2020-v100\cppcoursework2020-v100\debug\cw3_tilemanager.obj
d:\users\danie\documents\uni\year 2\g52cpp - c++\git coursework\comp2006_g52cpp_courseworks\part3\cppcoursework2020-v100\cppcoursework2020-v100\debug\cw3_game.sbr
d:\users\danie\documents\uni\year 2\g52cpp - c++\git coursework\comp2006_g52cpp_courseworks\part3\cppcoursework2020-v100\cppcoursework2020-v100\debug\cw3_game.obj
d:\users\danie\documents\uni\year 2\g52cpp - c++\git coursework\comp2006_g52cpp_courseworks\part3\cppcoursework2020-v100\cppcoursework2020-v100\debug\cw3_player.sbr
d:\users\danie\documents\uni\year 2\g52cpp - c++\git coursework\comp2006_g52cpp_courseworks\part3\cppcoursework2020-v100\cppcoursework2020-v100\debug\cw3_player.obj
d:\users\danie\documents\uni\year 2\g52cpp - c++\git coursework\comp2006_g52cpp_courseworks\part3\cppcoursework2020-v100\cppcoursework2020-v100\debug\cw3_baseenemy.sbr
d:\users\danie\documents\uni\year 2\g52cpp - c++\git coursework\comp2006_g52cpp_courseworks\part3\cppcoursework2020-v100\cppcoursework2020-v100\debug\cw3_gameobject.sbr
d:\users\danie\documents\uni\year 2\g52cpp - c++\git coursework\comp2006_g52cpp_courseworks\part3\cppcoursework2020-v100\cppcoursework2020-v100\debug\cw3_gameobject.obj
d:\users\danie\documents\uni\year 2\g52cpp - c++\git coursework\comp2006_g52cpp_courseworks\part3\cppcoursework2020-v100\cppcoursework2020-v100\debug\cw3_baseenemy.obj
d:\users\danie\documents\uni\year 2\g52cpp - c++\git coursework\comp2006_g52cpp_courseworks\part3\cppcoursework2020-v100\cppcoursework2020-v100\debug\courseworkbase2020.exe
d:\users\danie\documents\uni\year 2\g52cpp - c++\git coursework\comp2006_g52cpp_courseworks\part3\cppcoursework2020-v100\cppcoursework2020-v100\debug\courseworkbase2020.ilk
d:\users\danie\documents\uni\year 2\g52cpp - c++\git coursework\comp2006_g52cpp_courseworks\part3\cppcoursework2020-v100\cppcoursework2020-v100\src\map
d:\users\danie\documents\uni\year 2\g52cpp - c++\git coursework\comp2006_g52cpp_courseworks\part3\cppcoursework2020-v100\cppcoursework2020-v100\debug\courseworkbase2020.pdb
d:\users\danie\documents\uni\year 2\g52cpp - c++\git coursework\comp2006_g52cpp_courseworks\part3\cppcoursework2020-v100\cppcoursework2020-v100\/debug\courseworkbase2020.pdb
d:\users\danie\documents\uni\year 2\g52cpp - c++\git coursework\comp2006_g52cpp_courseworks\part3\cppcoursework2020-v100\cppcoursework2020-v100\/debug\courseworkbase2020.exe
d:\users\danie\documents\uni\year 2\g52cpp - c++\git coursework\comp2006_g52cpp_courseworks\part3\cppcoursework2020-v100\cppcoursework2020-v100\/debug\courseworkbase2020.bsc
d:\users\danie\documents\uni\year 2\g52cpp - c++\git coursework\comp2006_g52cpp_courseworks\part3\cppcoursework2020-v100\cppcoursework2020-v100\/debug\courseworkbase2020.ilk
d:\users\danie\documents\uni\year 2\g52cpp - c++\git coursework\comp2006_g52cpp_courseworks\part3\cppcoursework2020-v100\cppcoursework2020-v100\debug\coursewo.63f64093.tlog\bscmake.command.1.tlog
d:\users\danie\documents\uni\year 2\g52cpp - c++\git coursework\comp2006_g52cpp_courseworks\part3\cppcoursework2020-v100\cppcoursework2020-v100\debug\coursewo.63f64093.tlog\bscmake.read.1.tlog
d:\users\danie\documents\uni\year 2\g52cpp - c++\git coursework\comp2006_g52cpp_courseworks\part3\cppcoursework2020-v100\cppcoursework2020-v100\debug\coursewo.63f64093.tlog\bscmake.write.1.tlog
d:\users\danie\documents\uni\year 2\g52cpp - c++\git coursework\comp2006_g52cpp_courseworks\part3\cppcoursework2020-v100\cppcoursework2020-v100\debug\coursewo.63f64093.tlog\cl.command.1.tlog
d:\users\danie\documents\uni\year 2\g52cpp - c++\git coursework\comp2006_g52cpp_courseworks\part3\cppcoursework2020-v100\cppcoursework2020-v100\debug\coursewo.63f64093.tlog\cl.read.1.tlog
d:\users\danie\documents\uni\year 2\g52cpp - c++\git coursework\comp2006_g52cpp_courseworks\part3\cppcoursework2020-v100\cppcoursework2020-v100\debug\coursewo.63f64093.tlog\cl.write.1.tlog
d:\users\danie\documents\uni\year 2\g52cpp - c++\git coursework\comp2006_g52cpp_courseworks\part3\cppcoursework2020-v100\cppcoursework2020-v100\debug\coursewo.63f64093.tlog\link.command.1.tlog
d:\users\danie\documents\uni\year 2\g52cpp - c++\git coursework\comp2006_g52cpp_courseworks\part3\cppcoursework2020-v100\cppcoursework2020-v100\debug\coursewo.63f64093.tlog\link.read.1.tlog
d:\users\danie\documents\uni\year 2\g52cpp - c++\git coursework\comp2006_g52cpp_courseworks\part3\cppcoursework2020-v100\cppcoursework2020-v100\debug\coursewo.63f64093.tlog\link.write.1.tlog
