d:\downloads\cppcoursework2020-v101\debug\courseworkbase2020.bsc
d:\users\danie\documents\uni\year 2\g52cpp - c++\cw3_restarted_gitpush\comp2006_g52cpp_courseworks\part3\cppcoursework2020-v101\debug\courseworkbase2020.bsc
d:\users\danie\documents\uni\year 2\g52cpp - c++\_c++ coursework\comp2006_g52cpp_courseworks\part3\cppcoursework2020-v101\debug\courseworkbase2020.bsc
d:\downloads\cppcoursework2020-v101\debug\vc141.pdb
d:\downloads\cppcoursework2020-v101\debug\draggingdemo.sbr
d:\downloads\cppcoursework2020-v101\debug\drawingsurface.sbr
d:\downloads\cppcoursework2020-v101\debug\flashingdemo.sbr
d:\downloads\cppcoursework2020-v101\debug\imageobjectdemo.sbr
d:\downloads\cppcoursework2020-v101\debug\jigsawdemo.sbr
d:\downloads\cppcoursework2020-v101\debug\mainfunction.sbr
d:\downloads\cppcoursework2020-v101\debug\baseengine.sbr
d:\downloads\cppcoursework2020-v101\debug\displayableobject.sbr
d:\downloads\cppcoursework2020-v101\debug\fontmanager.sbr
d:\downloads\cppcoursework2020-v101\debug\imagemappingdemo.sbr
d:\downloads\cppcoursework2020-v101\debug\simpleimage.sbr
d:\downloads\cppcoursework2020-v101\debug\jasonsdemoa.sbr
d:\downloads\cppcoursework2020-v101\debug\jasonsobjecta.sbr
d:\downloads\cppcoursework2020-v101\debug\jasonstilemanager.sbr
d:\downloads\cppcoursework2020-v101\debug\playingcardsdemo.sbr
d:\downloads\cppcoursework2020-v101\debug\rawimage.sbr
d:\downloads\cppcoursework2020-v101\debug\simpledemo.sbr
d:\downloads\cppcoursework2020-v101\debug\starfielddemo.sbr
d:\downloads\cppcoursework2020-v101\debug\tilemanager.sbr
d:\downloads\cppcoursework2020-v101\debug\bouncingball.sbr
d:\downloads\cppcoursework2020-v101\debug\bouncingball.obj
d:\downloads\cppcoursework2020-v101\debug\tilemanager.obj
d:\downloads\cppcoursework2020-v101\debug\starfielddemo.obj
d:\downloads\cppcoursework2020-v101\debug\simpledemo.obj
d:\downloads\cppcoursework2020-v101\debug\rawimage.obj
d:\downloads\cppcoursework2020-v101\debug\playingcardsdemo.obj
d:\downloads\cppcoursework2020-v101\debug\jasonstilemanager.obj
d:\downloads\cppcoursework2020-v101\debug\jasonsobjecta.obj
d:\downloads\cppcoursework2020-v101\debug\jasonsdemoa.obj
d:\downloads\cppcoursework2020-v101\debug\simpleimage.obj
d:\downloads\cppcoursework2020-v101\debug\imagemappingdemo.obj
d:\downloads\cppcoursework2020-v101\debug\fontmanager.obj
d:\downloads\cppcoursework2020-v101\debug\displayableobject.obj
d:\downloads\cppcoursework2020-v101\debug\baseengine.obj
d:\downloads\cppcoursework2020-v101\debug\mainfunction.obj
d:\downloads\cppcoursework2020-v101\debug\jigsawdemo.obj
d:\downloads\cppcoursework2020-v101\debug\imageobjectdemo.obj
d:\downloads\cppcoursework2020-v101\debug\flashingdemo.obj
d:\downloads\cppcoursework2020-v101\debug\drawingsurface.obj
d:\downloads\cppcoursework2020-v101\debug\draggingdemo.obj
d:\downloads\cppcoursework2020-v101\debug\bouncingballmain.sbr
d:\downloads\cppcoursework2020-v101\debug\zoomingdemo.sbr
d:\downloads\cppcoursework2020-v101\debug\zoomingdemo.obj
d:\downloads\cppcoursework2020-v101\debug\bouncingballmain.obj
d:\downloads\cppcoursework2020-v101\debug\mazedemomain.sbr
d:\downloads\cppcoursework2020-v101\debug\mazedemoobject.sbr
d:\downloads\cppcoursework2020-v101\debug\mazedemotilemanager.sbr
d:\downloads\cppcoursework2020-v101\debug\mazedemotilemanager.obj
d:\downloads\cppcoursework2020-v101\debug\mazedemoobject.obj
d:\downloads\cppcoursework2020-v101\debug\mazedemomain.obj
d:\downloads\cppcoursework2020-v101\debug\cw3_game.sbr
d:\downloads\cppcoursework2020-v101\debug\cw3_player.sbr
d:\downloads\cppcoursework2020-v101\debug\cw3_simpleenemy.sbr
d:\downloads\cppcoursework2020-v101\debug\cw3_simplegun.sbr
d:\downloads\cppcoursework2020-v101\debug\cw3_tilemanager.sbr
d:\downloads\cppcoursework2020-v101\debug\mydemoa.sbr
d:\downloads\cppcoursework2020-v101\debug\myimagemappingdemo.sbr
d:\downloads\cppcoursework2020-v101\debug\myobjecta.sbr
d:\downloads\cppcoursework2020-v101\debug\mytilemanager.sbr
d:\downloads\cppcoursework2020-v101\debug\mytilemanager.obj
d:\downloads\cppcoursework2020-v101\debug\myobjecta.obj
d:\downloads\cppcoursework2020-v101\debug\myimagemappingdemo.obj
d:\downloads\cppcoursework2020-v101\debug\mydemoa.obj
d:\downloads\cppcoursework2020-v101\debug\cw3_tilemanager.obj
d:\downloads\cppcoursework2020-v101\debug\cw3_simplegun.obj
d:\downloads\cppcoursework2020-v101\debug\cw3_simpleenemy.obj
d:\downloads\cppcoursework2020-v101\debug\cw3_player.obj
d:\downloads\cppcoursework2020-v101\debug\cw3_game.obj
d:\users\danie\documents\uni\year 2\g52cpp - c++\cw3_restarted_gitpush\comp2006_g52cpp_courseworks\part3\cppcoursework2020-v101\debug\vc141.pdb
d:\users\danie\documents\uni\year 2\g52cpp - c++\cw3_restarted_gitpush\comp2006_g52cpp_courseworks\part3\cppcoursework2020-v101\debug\cw3_game.sbr
d:\users\danie\documents\uni\year 2\g52cpp - c++\cw3_restarted_gitpush\comp2006_g52cpp_courseworks\part3\cppcoursework2020-v101\debug\cw3_player.sbr
d:\users\danie\documents\uni\year 2\g52cpp - c++\cw3_restarted_gitpush\comp2006_g52cpp_courseworks\part3\cppcoursework2020-v101\debug\cw3_simpleenemy.sbr
d:\users\danie\documents\uni\year 2\g52cpp - c++\cw3_restarted_gitpush\comp2006_g52cpp_courseworks\part3\cppcoursework2020-v101\debug\cw3_simplegun.sbr
d:\users\danie\documents\uni\year 2\g52cpp - c++\cw3_restarted_gitpush\comp2006_g52cpp_courseworks\part3\cppcoursework2020-v101\debug\cw3_tilemanager.sbr
d:\users\danie\documents\uni\year 2\g52cpp - c++\cw3_restarted_gitpush\comp2006_g52cpp_courseworks\part3\cppcoursework2020-v101\debug\draggingdemo.sbr
d:\users\danie\documents\uni\year 2\g52cpp - c++\cw3_restarted_gitpush\comp2006_g52cpp_courseworks\part3\cppcoursework2020-v101\debug\drawingsurface.sbr
d:\users\danie\documents\uni\year 2\g52cpp - c++\cw3_restarted_gitpush\comp2006_g52cpp_courseworks\part3\cppcoursework2020-v101\debug\flashingdemo.sbr
d:\users\danie\documents\uni\year 2\g52cpp - c++\cw3_restarted_gitpush\comp2006_g52cpp_courseworks\part3\cppcoursework2020-v101\debug\imagemappingdemo.sbr
d:\users\danie\documents\uni\year 2\g52cpp - c++\cw3_restarted_gitpush\comp2006_g52cpp_courseworks\part3\cppcoursework2020-v101\debug\imageobjectdemo.sbr
d:\users\danie\documents\uni\year 2\g52cpp - c++\cw3_restarted_gitpush\comp2006_g52cpp_courseworks\part3\cppcoursework2020-v101\debug\jigsawdemo.sbr
d:\users\danie\documents\uni\year 2\g52cpp - c++\cw3_restarted_gitpush\comp2006_g52cpp_courseworks\part3\cppcoursework2020-v101\debug\mainfunction.sbr
d:\users\danie\documents\uni\year 2\g52cpp - c++\cw3_restarted_gitpush\comp2006_g52cpp_courseworks\part3\cppcoursework2020-v101\debug\baseengine.sbr
d:\users\danie\documents\uni\year 2\g52cpp - c++\cw3_restarted_gitpush\comp2006_g52cpp_courseworks\part3\cppcoursework2020-v101\debug\displayableobject.sbr
d:\users\danie\documents\uni\year 2\g52cpp - c++\cw3_restarted_gitpush\comp2006_g52cpp_courseworks\part3\cppcoursework2020-v101\debug\fontmanager.sbr
d:\users\danie\documents\uni\year 2\g52cpp - c++\cw3_restarted_gitpush\comp2006_g52cpp_courseworks\part3\cppcoursework2020-v101\debug\mydemoa.sbr
d:\users\danie\documents\uni\year 2\g52cpp - c++\cw3_restarted_gitpush\comp2006_g52cpp_courseworks\part3\cppcoursework2020-v101\debug\myimagemappingdemo.sbr
d:\users\danie\documents\uni\year 2\g52cpp - c++\cw3_restarted_gitpush\comp2006_g52cpp_courseworks\part3\cppcoursework2020-v101\debug\myobjecta.sbr
d:\users\danie\documents\uni\year 2\g52cpp - c++\cw3_restarted_gitpush\comp2006_g52cpp_courseworks\part3\cppcoursework2020-v101\debug\mytilemanager.sbr
d:\users\danie\documents\uni\year 2\g52cpp - c++\cw3_restarted_gitpush\comp2006_g52cpp_courseworks\part3\cppcoursework2020-v101\debug\simpleimage.sbr
d:\users\danie\documents\uni\year 2\g52cpp - c++\cw3_restarted_gitpush\comp2006_g52cpp_courseworks\part3\cppcoursework2020-v101\debug\simpleimage.obj
d:\users\danie\documents\uni\year 2\g52cpp - c++\cw3_restarted_gitpush\comp2006_g52cpp_courseworks\part3\cppcoursework2020-v101\debug\mytilemanager.obj
d:\users\danie\documents\uni\year 2\g52cpp - c++\cw3_restarted_gitpush\comp2006_g52cpp_courseworks\part3\cppcoursework2020-v101\debug\myobjecta.obj
d:\users\danie\documents\uni\year 2\g52cpp - c++\cw3_restarted_gitpush\comp2006_g52cpp_courseworks\part3\cppcoursework2020-v101\debug\myimagemappingdemo.obj
d:\users\danie\documents\uni\year 2\g52cpp - c++\cw3_restarted_gitpush\comp2006_g52cpp_courseworks\part3\cppcoursework2020-v101\debug\mydemoa.obj
d:\users\danie\documents\uni\year 2\g52cpp - c++\cw3_restarted_gitpush\comp2006_g52cpp_courseworks\part3\cppcoursework2020-v101\debug\fontmanager.obj
d:\users\danie\documents\uni\year 2\g52cpp - c++\cw3_restarted_gitpush\comp2006_g52cpp_courseworks\part3\cppcoursework2020-v101\debug\displayableobject.obj
d:\users\danie\documents\uni\year 2\g52cpp - c++\cw3_restarted_gitpush\comp2006_g52cpp_courseworks\part3\cppcoursework2020-v101\debug\baseengine.obj
d:\users\danie\documents\uni\year 2\g52cpp - c++\cw3_restarted_gitpush\comp2006_g52cpp_courseworks\part3\cppcoursework2020-v101\debug\mainfunction.obj
d:\users\danie\documents\uni\year 2\g52cpp - c++\cw3_restarted_gitpush\comp2006_g52cpp_courseworks\part3\cppcoursework2020-v101\debug\jigsawdemo.obj
d:\users\danie\documents\uni\year 2\g52cpp - c++\cw3_restarted_gitpush\comp2006_g52cpp_courseworks\part3\cppcoursework2020-v101\debug\imageobjectdemo.obj
d:\users\danie\documents\uni\year 2\g52cpp - c++\cw3_restarted_gitpush\comp2006_g52cpp_courseworks\part3\cppcoursework2020-v101\debug\imagemappingdemo.obj
d:\users\danie\documents\uni\year 2\g52cpp - c++\cw3_restarted_gitpush\comp2006_g52cpp_courseworks\part3\cppcoursework2020-v101\debug\flashingdemo.obj
d:\users\danie\documents\uni\year 2\g52cpp - c++\cw3_restarted_gitpush\comp2006_g52cpp_courseworks\part3\cppcoursework2020-v101\debug\drawingsurface.obj
d:\users\danie\documents\uni\year 2\g52cpp - c++\cw3_restarted_gitpush\comp2006_g52cpp_courseworks\part3\cppcoursework2020-v101\debug\draggingdemo.obj
d:\users\danie\documents\uni\year 2\g52cpp - c++\cw3_restarted_gitpush\comp2006_g52cpp_courseworks\part3\cppcoursework2020-v101\debug\cw3_tilemanager.obj
d:\users\danie\documents\uni\year 2\g52cpp - c++\cw3_restarted_gitpush\comp2006_g52cpp_courseworks\part3\cppcoursework2020-v101\debug\cw3_simplegun.obj
d:\users\danie\documents\uni\year 2\g52cpp - c++\cw3_restarted_gitpush\comp2006_g52cpp_courseworks\part3\cppcoursework2020-v101\debug\cw3_simpleenemy.obj
d:\users\danie\documents\uni\year 2\g52cpp - c++\cw3_restarted_gitpush\comp2006_g52cpp_courseworks\part3\cppcoursework2020-v101\debug\cw3_player.obj
d:\users\danie\documents\uni\year 2\g52cpp - c++\cw3_restarted_gitpush\comp2006_g52cpp_courseworks\part3\cppcoursework2020-v101\debug\cw3_game.obj
d:\users\danie\documents\uni\year 2\g52cpp - c++\cw3_restarted_gitpush\comp2006_g52cpp_courseworks\part3\cppcoursework2020-v101\debug\jasonsdemoa.sbr
d:\users\danie\documents\uni\year 2\g52cpp - c++\cw3_restarted_gitpush\comp2006_g52cpp_courseworks\part3\cppcoursework2020-v101\debug\jasonsobjecta.sbr
d:\users\danie\documents\uni\year 2\g52cpp - c++\cw3_restarted_gitpush\comp2006_g52cpp_courseworks\part3\cppcoursework2020-v101\debug\jasonstilemanager.sbr
d:\users\danie\documents\uni\year 2\g52cpp - c++\cw3_restarted_gitpush\comp2006_g52cpp_courseworks\part3\cppcoursework2020-v101\debug\playingcardsdemo.sbr
d:\users\danie\documents\uni\year 2\g52cpp - c++\cw3_restarted_gitpush\comp2006_g52cpp_courseworks\part3\cppcoursework2020-v101\debug\rawimage.sbr
d:\users\danie\documents\uni\year 2\g52cpp - c++\cw3_restarted_gitpush\comp2006_g52cpp_courseworks\part3\cppcoursework2020-v101\debug\simpledemo.sbr
d:\users\danie\documents\uni\year 2\g52cpp - c++\cw3_restarted_gitpush\comp2006_g52cpp_courseworks\part3\cppcoursework2020-v101\debug\starfielddemo.sbr
d:\users\danie\documents\uni\year 2\g52cpp - c++\cw3_restarted_gitpush\comp2006_g52cpp_courseworks\part3\cppcoursework2020-v101\debug\tilemanager.sbr
d:\users\danie\documents\uni\year 2\g52cpp - c++\cw3_restarted_gitpush\comp2006_g52cpp_courseworks\part3\cppcoursework2020-v101\debug\bouncingball.sbr
d:\users\danie\documents\uni\year 2\g52cpp - c++\cw3_restarted_gitpush\comp2006_g52cpp_courseworks\part3\cppcoursework2020-v101\debug\bouncingballmain.sbr
d:\users\danie\documents\uni\year 2\g52cpp - c++\cw3_restarted_gitpush\comp2006_g52cpp_courseworks\part3\cppcoursework2020-v101\debug\zoomingdemo.sbr
d:\users\danie\documents\uni\year 2\g52cpp - c++\cw3_restarted_gitpush\comp2006_g52cpp_courseworks\part3\cppcoursework2020-v101\debug\zoomingdemo.obj
d:\users\danie\documents\uni\year 2\g52cpp - c++\cw3_restarted_gitpush\comp2006_g52cpp_courseworks\part3\cppcoursework2020-v101\debug\bouncingballmain.obj
d:\users\danie\documents\uni\year 2\g52cpp - c++\cw3_restarted_gitpush\comp2006_g52cpp_courseworks\part3\cppcoursework2020-v101\debug\bouncingball.obj
d:\users\danie\documents\uni\year 2\g52cpp - c++\cw3_restarted_gitpush\comp2006_g52cpp_courseworks\part3\cppcoursework2020-v101\debug\tilemanager.obj
d:\users\danie\documents\uni\year 2\g52cpp - c++\cw3_restarted_gitpush\comp2006_g52cpp_courseworks\part3\cppcoursework2020-v101\debug\starfielddemo.obj
d:\users\danie\documents\uni\year 2\g52cpp - c++\cw3_restarted_gitpush\comp2006_g52cpp_courseworks\part3\cppcoursework2020-v101\debug\simpledemo.obj
d:\users\danie\documents\uni\year 2\g52cpp - c++\cw3_restarted_gitpush\comp2006_g52cpp_courseworks\part3\cppcoursework2020-v101\debug\rawimage.obj
d:\users\danie\documents\uni\year 2\g52cpp - c++\cw3_restarted_gitpush\comp2006_g52cpp_courseworks\part3\cppcoursework2020-v101\debug\playingcardsdemo.obj
d:\users\danie\documents\uni\year 2\g52cpp - c++\cw3_restarted_gitpush\comp2006_g52cpp_courseworks\part3\cppcoursework2020-v101\debug\jasonstilemanager.obj
d:\users\danie\documents\uni\year 2\g52cpp - c++\cw3_restarted_gitpush\comp2006_g52cpp_courseworks\part3\cppcoursework2020-v101\debug\jasonsobjecta.obj
d:\users\danie\documents\uni\year 2\g52cpp - c++\cw3_restarted_gitpush\comp2006_g52cpp_courseworks\part3\cppcoursework2020-v101\debug\jasonsdemoa.obj
d:\users\danie\documents\uni\year 2\g52cpp - c++\cw3_restarted_gitpush\comp2006_g52cpp_courseworks\part3\cppcoursework2020-v101\debug\mazedemomain.sbr
d:\users\danie\documents\uni\year 2\g52cpp - c++\cw3_restarted_gitpush\comp2006_g52cpp_courseworks\part3\cppcoursework2020-v101\debug\mazedemoobject.sbr
d:\users\danie\documents\uni\year 2\g52cpp - c++\cw3_restarted_gitpush\comp2006_g52cpp_courseworks\part3\cppcoursework2020-v101\debug\mazedemotilemanager.sbr
d:\users\danie\documents\uni\year 2\g52cpp - c++\cw3_restarted_gitpush\comp2006_g52cpp_courseworks\part3\cppcoursework2020-v101\debug\mazedemotilemanager.obj
d:\users\danie\documents\uni\year 2\g52cpp - c++\cw3_restarted_gitpush\comp2006_g52cpp_courseworks\part3\cppcoursework2020-v101\debug\mazedemoobject.obj
d:\users\danie\documents\uni\year 2\g52cpp - c++\cw3_restarted_gitpush\comp2006_g52cpp_courseworks\part3\cppcoursework2020-v101\debug\mazedemomain.obj
d:\users\danie\documents\uni\year 2\g52cpp - c++\_c++ coursework\comp2006_g52cpp_courseworks\part3\cppcoursework2020-v101\debug\vc141.pdb
d:\users\danie\documents\uni\year 2\g52cpp - c++\_c++ coursework\comp2006_g52cpp_courseworks\part3\cppcoursework2020-v101\debug\cw3_game.sbr
d:\users\danie\documents\uni\year 2\g52cpp - c++\_c++ coursework\comp2006_g52cpp_courseworks\part3\cppcoursework2020-v101\debug\cw3_player.sbr
d:\users\danie\documents\uni\year 2\g52cpp - c++\_c++ coursework\comp2006_g52cpp_courseworks\part3\cppcoursework2020-v101\debug\cw3_simpleenemy.sbr
d:\users\danie\documents\uni\year 2\g52cpp - c++\_c++ coursework\comp2006_g52cpp_courseworks\part3\cppcoursework2020-v101\debug\cw3_simplegun.sbr
d:\users\danie\documents\uni\year 2\g52cpp - c++\_c++ coursework\comp2006_g52cpp_courseworks\part3\cppcoursework2020-v101\debug\cw3_tilemanager.sbr
d:\users\danie\documents\uni\year 2\g52cpp - c++\_c++ coursework\comp2006_g52cpp_courseworks\part3\cppcoursework2020-v101\debug\draggingdemo.sbr
d:\users\danie\documents\uni\year 2\g52cpp - c++\_c++ coursework\comp2006_g52cpp_courseworks\part3\cppcoursework2020-v101\debug\drawingsurface.sbr
d:\users\danie\documents\uni\year 2\g52cpp - c++\_c++ coursework\comp2006_g52cpp_courseworks\part3\cppcoursework2020-v101\debug\flashingdemo.sbr
d:\users\danie\documents\uni\year 2\g52cpp - c++\_c++ coursework\comp2006_g52cpp_courseworks\part3\cppcoursework2020-v101\debug\imagemappingdemo.sbr
d:\users\danie\documents\uni\year 2\g52cpp - c++\_c++ coursework\comp2006_g52cpp_courseworks\part3\cppcoursework2020-v101\debug\imageobjectdemo.sbr
d:\users\danie\documents\uni\year 2\g52cpp - c++\_c++ coursework\comp2006_g52cpp_courseworks\part3\cppcoursework2020-v101\debug\jigsawdemo.sbr
d:\users\danie\documents\uni\year 2\g52cpp - c++\_c++ coursework\comp2006_g52cpp_courseworks\part3\cppcoursework2020-v101\debug\mainfunction.sbr
d:\users\danie\documents\uni\year 2\g52cpp - c++\_c++ coursework\comp2006_g52cpp_courseworks\part3\cppcoursework2020-v101\debug\baseengine.sbr
d:\users\danie\documents\uni\year 2\g52cpp - c++\_c++ coursework\comp2006_g52cpp_courseworks\part3\cppcoursework2020-v101\debug\displayableobject.sbr
d:\users\danie\documents\uni\year 2\g52cpp - c++\_c++ coursework\comp2006_g52cpp_courseworks\part3\cppcoursework2020-v101\debug\fontmanager.sbr
d:\users\danie\documents\uni\year 2\g52cpp - c++\_c++ coursework\comp2006_g52cpp_courseworks\part3\cppcoursework2020-v101\debug\mydemoa.sbr
d:\users\danie\documents\uni\year 2\g52cpp - c++\_c++ coursework\comp2006_g52cpp_courseworks\part3\cppcoursework2020-v101\debug\myimagemappingdemo.sbr
d:\users\danie\documents\uni\year 2\g52cpp - c++\_c++ coursework\comp2006_g52cpp_courseworks\part3\cppcoursework2020-v101\debug\myobjecta.sbr
d:\users\danie\documents\uni\year 2\g52cpp - c++\_c++ coursework\comp2006_g52cpp_courseworks\part3\cppcoursework2020-v101\debug\mytilemanager.sbr
d:\users\danie\documents\uni\year 2\g52cpp - c++\_c++ coursework\comp2006_g52cpp_courseworks\part3\cppcoursework2020-v101\debug\simpleimage.sbr
d:\users\danie\documents\uni\year 2\g52cpp - c++\_c++ coursework\comp2006_g52cpp_courseworks\part3\cppcoursework2020-v101\debug\simpleimage.obj
d:\users\danie\documents\uni\year 2\g52cpp - c++\_c++ coursework\comp2006_g52cpp_courseworks\part3\cppcoursework2020-v101\debug\mytilemanager.obj
d:\users\danie\documents\uni\year 2\g52cpp - c++\_c++ coursework\comp2006_g52cpp_courseworks\part3\cppcoursework2020-v101\debug\myobjecta.obj
d:\users\danie\documents\uni\year 2\g52cpp - c++\_c++ coursework\comp2006_g52cpp_courseworks\part3\cppcoursework2020-v101\debug\myimagemappingdemo.obj
d:\users\danie\documents\uni\year 2\g52cpp - c++\_c++ coursework\comp2006_g52cpp_courseworks\part3\cppcoursework2020-v101\debug\mydemoa.obj
d:\users\danie\documents\uni\year 2\g52cpp - c++\_c++ coursework\comp2006_g52cpp_courseworks\part3\cppcoursework2020-v101\debug\fontmanager.obj
d:\users\danie\documents\uni\year 2\g52cpp - c++\_c++ coursework\comp2006_g52cpp_courseworks\part3\cppcoursework2020-v101\debug\displayableobject.obj
d:\users\danie\documents\uni\year 2\g52cpp - c++\_c++ coursework\comp2006_g52cpp_courseworks\part3\cppcoursework2020-v101\debug\baseengine.obj
d:\users\danie\documents\uni\year 2\g52cpp - c++\_c++ coursework\comp2006_g52cpp_courseworks\part3\cppcoursework2020-v101\debug\mainfunction.obj
d:\users\danie\documents\uni\year 2\g52cpp - c++\_c++ coursework\comp2006_g52cpp_courseworks\part3\cppcoursework2020-v101\debug\jigsawdemo.obj
d:\users\danie\documents\uni\year 2\g52cpp - c++\_c++ coursework\comp2006_g52cpp_courseworks\part3\cppcoursework2020-v101\debug\imageobjectdemo.obj
d:\users\danie\documents\uni\year 2\g52cpp - c++\_c++ coursework\comp2006_g52cpp_courseworks\part3\cppcoursework2020-v101\debug\imagemappingdemo.obj
d:\users\danie\documents\uni\year 2\g52cpp - c++\_c++ coursework\comp2006_g52cpp_courseworks\part3\cppcoursework2020-v101\debug\flashingdemo.obj
d:\users\danie\documents\uni\year 2\g52cpp - c++\_c++ coursework\comp2006_g52cpp_courseworks\part3\cppcoursework2020-v101\debug\drawingsurface.obj
d:\users\danie\documents\uni\year 2\g52cpp - c++\_c++ coursework\comp2006_g52cpp_courseworks\part3\cppcoursework2020-v101\debug\draggingdemo.obj
d:\users\danie\documents\uni\year 2\g52cpp - c++\_c++ coursework\comp2006_g52cpp_courseworks\part3\cppcoursework2020-v101\debug\cw3_tilemanager.obj
d:\users\danie\documents\uni\year 2\g52cpp - c++\_c++ coursework\comp2006_g52cpp_courseworks\part3\cppcoursework2020-v101\debug\cw3_simplegun.obj
d:\users\danie\documents\uni\year 2\g52cpp - c++\_c++ coursework\comp2006_g52cpp_courseworks\part3\cppcoursework2020-v101\debug\cw3_simpleenemy.obj
d:\users\danie\documents\uni\year 2\g52cpp - c++\_c++ coursework\comp2006_g52cpp_courseworks\part3\cppcoursework2020-v101\debug\cw3_player.obj
d:\users\danie\documents\uni\year 2\g52cpp - c++\_c++ coursework\comp2006_g52cpp_courseworks\part3\cppcoursework2020-v101\debug\cw3_game.obj
d:\users\danie\documents\uni\year 2\g52cpp - c++\_c++ coursework\comp2006_g52cpp_courseworks\part3\cppcoursework2020-v101\debug\jasonsdemoa.sbr
d:\users\danie\documents\uni\year 2\g52cpp - c++\_c++ coursework\comp2006_g52cpp_courseworks\part3\cppcoursework2020-v101\debug\jasonsobjecta.sbr
d:\users\danie\documents\uni\year 2\g52cpp - c++\_c++ coursework\comp2006_g52cpp_courseworks\part3\cppcoursework2020-v101\debug\jasonstilemanager.sbr
d:\users\danie\documents\uni\year 2\g52cpp - c++\_c++ coursework\comp2006_g52cpp_courseworks\part3\cppcoursework2020-v101\debug\playingcardsdemo.sbr
d:\users\danie\documents\uni\year 2\g52cpp - c++\_c++ coursework\comp2006_g52cpp_courseworks\part3\cppcoursework2020-v101\debug\rawimage.sbr
d:\users\danie\documents\uni\year 2\g52cpp - c++\_c++ coursework\comp2006_g52cpp_courseworks\part3\cppcoursework2020-v101\debug\simpledemo.sbr
d:\users\danie\documents\uni\year 2\g52cpp - c++\_c++ coursework\comp2006_g52cpp_courseworks\part3\cppcoursework2020-v101\debug\starfielddemo.sbr
d:\users\danie\documents\uni\year 2\g52cpp - c++\_c++ coursework\comp2006_g52cpp_courseworks\part3\cppcoursework2020-v101\debug\tilemanager.sbr
d:\users\danie\documents\uni\year 2\g52cpp - c++\_c++ coursework\comp2006_g52cpp_courseworks\part3\cppcoursework2020-v101\debug\bouncingball.sbr
d:\users\danie\documents\uni\year 2\g52cpp - c++\_c++ coursework\comp2006_g52cpp_courseworks\part3\cppcoursework2020-v101\debug\bouncingballmain.sbr
d:\users\danie\documents\uni\year 2\g52cpp - c++\_c++ coursework\comp2006_g52cpp_courseworks\part3\cppcoursework2020-v101\debug\zoomingdemo.sbr
d:\users\danie\documents\uni\year 2\g52cpp - c++\_c++ coursework\comp2006_g52cpp_courseworks\part3\cppcoursework2020-v101\debug\zoomingdemo.obj
d:\users\danie\documents\uni\year 2\g52cpp - c++\_c++ coursework\comp2006_g52cpp_courseworks\part3\cppcoursework2020-v101\debug\bouncingballmain.obj
d:\users\danie\documents\uni\year 2\g52cpp - c++\_c++ coursework\comp2006_g52cpp_courseworks\part3\cppcoursework2020-v101\debug\bouncingball.obj
d:\users\danie\documents\uni\year 2\g52cpp - c++\_c++ coursework\comp2006_g52cpp_courseworks\part3\cppcoursework2020-v101\debug\tilemanager.obj
d:\users\danie\documents\uni\year 2\g52cpp - c++\_c++ coursework\comp2006_g52cpp_courseworks\part3\cppcoursework2020-v101\debug\starfielddemo.obj
d:\users\danie\documents\uni\year 2\g52cpp - c++\_c++ coursework\comp2006_g52cpp_courseworks\part3\cppcoursework2020-v101\debug\simpledemo.obj
d:\users\danie\documents\uni\year 2\g52cpp - c++\_c++ coursework\comp2006_g52cpp_courseworks\part3\cppcoursework2020-v101\debug\rawimage.obj
d:\users\danie\documents\uni\year 2\g52cpp - c++\_c++ coursework\comp2006_g52cpp_courseworks\part3\cppcoursework2020-v101\debug\playingcardsdemo.obj
d:\users\danie\documents\uni\year 2\g52cpp - c++\_c++ coursework\comp2006_g52cpp_courseworks\part3\cppcoursework2020-v101\debug\jasonstilemanager.obj
d:\users\danie\documents\uni\year 2\g52cpp - c++\_c++ coursework\comp2006_g52cpp_courseworks\part3\cppcoursework2020-v101\debug\jasonsobjecta.obj
d:\users\danie\documents\uni\year 2\g52cpp - c++\_c++ coursework\comp2006_g52cpp_courseworks\part3\cppcoursework2020-v101\debug\jasonsdemoa.obj
d:\users\danie\documents\uni\year 2\g52cpp - c++\_c++ coursework\comp2006_g52cpp_courseworks\part3\cppcoursework2020-v101\debug\mazedemomain.sbr
d:\users\danie\documents\uni\year 2\g52cpp - c++\_c++ coursework\comp2006_g52cpp_courseworks\part3\cppcoursework2020-v101\debug\mazedemoobject.sbr
d:\users\danie\documents\uni\year 2\g52cpp - c++\_c++ coursework\comp2006_g52cpp_courseworks\part3\cppcoursework2020-v101\debug\mazedemotilemanager.sbr
d:\users\danie\documents\uni\year 2\g52cpp - c++\_c++ coursework\comp2006_g52cpp_courseworks\part3\cppcoursework2020-v101\debug\mazedemotilemanager.obj
d:\users\danie\documents\uni\year 2\g52cpp - c++\_c++ coursework\comp2006_g52cpp_courseworks\part3\cppcoursework2020-v101\debug\mazedemoobject.obj
d:\users\danie\documents\uni\year 2\g52cpp - c++\_c++ coursework\comp2006_g52cpp_courseworks\part3\cppcoursework2020-v101\debug\mazedemomain.obj
d:\downloads\cppcoursework2020-v101\debug\courseworkbase2020.exe
d:\downloads\cppcoursework2020-v101\debug\courseworkbase2020.ilk
d:\downloads\cppcoursework2020-v101\src\map
d:\downloads\cppcoursework2020-v101\debug\courseworkbase2020.pdb
d:\users\danie\documents\uni\year 2\g52cpp - c++\cw3_restarted_gitpush\comp2006_g52cpp_courseworks\part3\cppcoursework2020-v101\debug\courseworkbase2020.exe
d:\users\danie\documents\uni\year 2\g52cpp - c++\cw3_restarted_gitpush\comp2006_g52cpp_courseworks\part3\cppcoursework2020-v101\debug\courseworkbase2020.ilk
d:\users\danie\documents\uni\year 2\g52cpp - c++\cw3_restarted_gitpush\comp2006_g52cpp_courseworks\part3\cppcoursework2020-v101\src\map
d:\users\danie\documents\uni\year 2\g52cpp - c++\cw3_restarted_gitpush\comp2006_g52cpp_courseworks\part3\cppcoursework2020-v101\debug\courseworkbase2020.pdb
d:\users\danie\documents\uni\year 2\g52cpp - c++\_c++ coursework\comp2006_g52cpp_courseworks\part3\cppcoursework2020-v101\debug\courseworkbase2020.ilk
d:\users\danie\documents\uni\year 2\g52cpp - c++\_c++ coursework\comp2006_g52cpp_courseworks\part3\cppcoursework2020-v101\debug\courseworkbase2020.exe
d:\users\danie\documents\uni\year 2\g52cpp - c++\_c++ coursework\comp2006_g52cpp_courseworks\part3\cppcoursework2020-v101\src\map
d:\users\danie\documents\uni\year 2\g52cpp - c++\_c++ coursework\comp2006_g52cpp_courseworks\part3\cppcoursework2020-v101\debug\courseworkbase2020.pdb
d:\users\danie\documents\uni\year 2\g52cpp - c++\_c++ coursework\comp2006_g52cpp_courseworks\part3\cppcoursework2020-v101\/debug\courseworkbase2020.pdb
d:\users\danie\documents\uni\year 2\g52cpp - c++\_c++ coursework\comp2006_g52cpp_courseworks\part3\cppcoursework2020-v101\/debug\courseworkbase2020.exe
d:\users\danie\documents\uni\year 2\g52cpp - c++\_c++ coursework\comp2006_g52cpp_courseworks\part3\cppcoursework2020-v101\/debug\courseworkbase2020.bsc
d:\users\danie\documents\uni\year 2\g52cpp - c++\_c++ coursework\comp2006_g52cpp_courseworks\part3\cppcoursework2020-v101\/debug\courseworkbase2020.ilk
d:\users\danie\documents\uni\year 2\g52cpp - c++\_c++ coursework\comp2006_g52cpp_courseworks\part3\cppcoursework2020-v101\debug\coursewo.63f64093.tlog\bscmake.command.1.tlog
d:\users\danie\documents\uni\year 2\g52cpp - c++\_c++ coursework\comp2006_g52cpp_courseworks\part3\cppcoursework2020-v101\debug\coursewo.63f64093.tlog\bscmake.read.1.tlog
d:\users\danie\documents\uni\year 2\g52cpp - c++\_c++ coursework\comp2006_g52cpp_courseworks\part3\cppcoursework2020-v101\debug\coursewo.63f64093.tlog\bscmake.write.1.tlog
d:\users\danie\documents\uni\year 2\g52cpp - c++\_c++ coursework\comp2006_g52cpp_courseworks\part3\cppcoursework2020-v101\debug\coursewo.63f64093.tlog\cl.command.1.tlog
d:\users\danie\documents\uni\year 2\g52cpp - c++\_c++ coursework\comp2006_g52cpp_courseworks\part3\cppcoursework2020-v101\debug\coursewo.63f64093.tlog\cl.read.1.tlog
d:\users\danie\documents\uni\year 2\g52cpp - c++\_c++ coursework\comp2006_g52cpp_courseworks\part3\cppcoursework2020-v101\debug\coursewo.63f64093.tlog\cl.write.1.tlog
d:\users\danie\documents\uni\year 2\g52cpp - c++\_c++ coursework\comp2006_g52cpp_courseworks\part3\cppcoursework2020-v101\debug\coursewo.63f64093.tlog\link.command.1.tlog
d:\users\danie\documents\uni\year 2\g52cpp - c++\_c++ coursework\comp2006_g52cpp_courseworks\part3\cppcoursework2020-v101\debug\coursewo.63f64093.tlog\link.read.1.tlog
d:\users\danie\documents\uni\year 2\g52cpp - c++\_c++ coursework\comp2006_g52cpp_courseworks\part3\cppcoursework2020-v101\debug\coursewo.63f64093.tlog\link.write.1.tlog
